SF:lib\fetch_list.dart
DA:8,1
DA:21,1
DA:22,1
DA:30,1
DA:32,1
DA:33,3
DA:34,3
DA:35,2
DA:36,0
DA:37,0
DA:38,0
DA:43,1
DA:44,2
DA:46,2
DA:47,2
DA:48,2
DA:51,2
DA:55,1
DA:57,1
DA:58,1
DA:61,1
DA:62,3
DA:63,1
DA:64,3
DA:65,3
DA:66,0
DA:67,3
DA:69,5
LF:28
LH:24
end_of_record
SF:lib\consumer.dart
DA:5,0
DA:10,0
DA:11,0
DA:17,0
DA:19,0
DA:21,0
DA:23,0
DA:24,0
DA:27,0
DA:29,0
DA:30,0
DA:33,0
DA:34,0
DA:35,0
DA:39,0
DA:40,0
DA:43,0
DA:45,0
LF:18
LH:0
end_of_record
SF:lib\provider.dart
DA:4,1
DA:11,0
DA:12,3
DA:14,1
DA:16,2
DA:19,0
DA:21,0
DA:22,0
DA:25,0
DA:26,0
DA:32,0
DA:33,0
DA:34,0
DA:36,0
DA:37,0
DA:41,0
DA:42,0
DA:44,0
DA:47,0
DA:48,0
DA:49,0
DA:51,0
DA:52,0
DA:54,0
LF:24
LH:4
end_of_record
SF:lib\fetch.dart
DA:6,0
DA:12,0
DA:18,1
DA:33,1
DA:40,0
DA:41,3
DA:42,3
DA:43,3
DA:44,0
DA:45,0
DA:47,0
DA:48,0
DA:49,0
DA:52,0
DA:54,1
DA:55,2
DA:58,1
DA:60,2
DA:61,1
DA:62,4
DA:64,2
DA:65,2
DA:69,1
DA:81,1
DA:99,1
DA:100,1
DA:110,1
DA:112,6
DA:114,5
DA:115,2
DA:116,2
DA:117,1
DA:120,3
DA:121,0
DA:122,0
DA:123,0
DA:124,3
DA:126,0
DA:127,0
DA:128,0
DA:131,2
DA:132,2
DA:133,0
DA:134,5
DA:135,2
DA:136,1
DA:137,1
DA:138,1
DA:141,2
DA:142,2
DA:143,5
DA:144,1
DA:146,1
DA:148,0
DA:149,0
DA:151,0
DA:154,0
DA:156,0
DA:157,0
DA:158,0
DA:159,0
DA:160,0
DA:163,1
DA:164,1
DA:167,2
DA:168,5
DA:170,1
DA:171,2
DA:172,0
DA:177,1
DA:178,5
DA:180,4
DA:181,0
DA:182,0
DA:183,0
DA:184,0
DA:185,0
DA:186,0
DA:188,0
DA:191,2
DA:192,0
DA:193,0
DA:194,0
DA:197,2
DA:198,3
DA:199,1
DA:200,2
DA:201,1
DA:206,0
DA:207,6
DA:209,1
DA:213,2
DA:214,0
DA:215,0
DA:216,0
DA:222,2
DA:223,1
DA:224,1
DA:225,2
DA:226,1
DA:231,2
DA:232,0
DA:234,1
DA:235,0
DA:237,0
DA:238,0
DA:242,0
DA:243,0
DA:244,0
DA:246,0
DA:250,0
DA:251,0
DA:253,0
DA:254,0
DA:258,0
DA:259,0
DA:260,0
DA:262,0
DA:263,0
DA:264,0
DA:269,1
DA:271,4
LF:122
LH:64
end_of_record
